2025-05-02 15:02:14 [ERROR]: Registration error: Cannot destructure property 'email' of 'req.body' as it is undefined.
2025-05-02 15:06:33 [ERROR]: Registration error: Cannot destructure property 'email' of 'req.body' as it is undefined.
2025-05-02 15:15:38 [ERROR]: Registration error: Cannot destructure property 'email' of 'req.body' as it is undefined.
2025-05-02 15:16:26 [ERROR]: Registration error: Cannot destructure property 'email' of 'req.body' as it is undefined. + undefined
2025-05-02 15:24:04 [ERROR]: Registration error: Cannot destructure property 'email' of 'req.body' as it is undefined. + undefined
2025-05-02 15:27:56 [ERROR]: Registration error: Cannot destructure property 'email' of 'req.body' as it is undefined. + undefined
2025-05-02 15:36:31 [ERROR]: Registration error: Cannot destructure property 'email' of 'req.body' as it is undefined. + undefined
2025-05-02 15:43:08 [ERROR]: Registration error: Cannot destructure property 'email' of 'req.body' as it is undefined. + undefined
2025-05-02 15:44:50 [ERROR]: Registration error: secretOrPrivateKey must have a value + [object Object]
2025-05-02 15:48:21 [ERROR]: Login error: secretOrPrivateKey must have a value
2025-05-02 15:55:02 [ERROR]: Login error: secretOrPrivateKey must have a value
2025-05-02 18:02:21 [ERROR]: Registration error: secretOrPrivateKey must have a value + [object Object]
2025-05-02 18:18:38 [ERROR]: Task creation error: Cannot destructure property 'title' of 'req.body' as it is undefined.
2025-05-02 18:20:17 [ERROR]: Task creation error: 
Invalid `prisma.user.findUnique()` invocation in
C:\Users\hedayat\task-management-backend\src\controllers\taskController.js:11:44

   8 
   9 // Validate assigned user
  10 if (assignedToId) {
→ 11   const userExists = await prisma.user.findUnique({
         where: {
           id: "2"
               ~~~
         }
       })

Argument `id`: Invalid value provided. Expected Int, provided String.
2025-05-02 18:22:46 [ERROR]: Task creation error: 
Invalid `prisma.task.create()` invocation in
C:\Users\hedayat\task-management-backend\src\controllers\taskController.js:20:36

  17 }
  18 
  19 // Create task
→ 20 const task = await prisma.task.create({
       data: {
         title: "hedyat@gmail.com",
         description: "totalc1234",
         dueDate: new Date("2024-03-05T00:00:00.000Z"),
         priority: "HIGH",
         status: "TODO",
         recurrence: "NONE",
         createdById: 3,
         assignedToId: "2"
                       ~~~
       },
       include: {
         createdBy: true,
         assignedTo: true
       }
     })

Argument `assignedToId`: Invalid value provided. Expected Int or Null, provided String.
2025-05-02 18:24:25 [ERROR]: Task creation error: Assignment to constant variable.
2025-05-02 18:27:03 [ERROR]: Notification creation error: 
Invalid `prisma.notification.create()` invocation in
C:\Users\hedayat\task-management-backend\src\controllers\notificationController.js:36:52

  33 
  34 const createNotification = async (userId, message, type = 'IN_APP') => {
  35   try {
→ 36     const notification = await prisma.notification.create({
           data: {
             message: "New task assigned: hedyat@gmail.com",
             type: "IN_APP",
             userId: "2"
                     ~~~
           }
         })

Argument `userId`: Invalid value provided. Expected Int, provided String.
2025-05-02 18:32:13 [ERROR]: Notification creation error: 
Invalid `prisma.notification.create()` invocation in
C:\Users\hedayat\task-management-backend\src\controllers\notificationController.js:36:52

  33 
  34 const createNotification = async (userId, message, type = 'IN_APP') => {
  35   try {
→ 36     const notification = await prisma.notification.create({
           data: {
             message: "New task assigned: Good Will",
             type: "IN_APP",
             userId: "1"
                     ~~~
           }
         })

Argument `userId`: Invalid value provided. Expected Int, provided String.
2025-05-02 18:56:24 [ERROR]: Task fetch error: 
Invalid `prisma.task.findUnique()` invocation in
C:\Users\hedayat\task-management-backend\src\controllers\taskController.js:264:36

  261 try {
  262   const taskId = parseInt(req.params.id);
  263   
→ 264   const task = await prisma.task.findUnique({
          where: {
            id: 7
          },
          include: {
            createdBy: true,
            assignedTo: true,
            auditLogs: {
            ~~~~~~~~~
              orderBy: {
                createdAt: "desc"
              },
              take: 10
            }
          }
        })

Unknown field `auditLogs` for include statement on model `Task`. Available options are marked with ?.
2025-05-02 19:52:21 [ERROR]: Task update error: 
Invalid `prisma.user.findUnique()` invocation in
C:\Users\hedayat\task-management-backend\src\controllers\taskController.js:111:44

  108 
  109 // Validate assigned user if changing assignment
  110 if (updateData.assignedToId) {
→ 111   const userExists = await prisma.user.findUnique({
          where: {
            id: "3"
                ~~~
          }
        })

Argument `id`: Invalid value provided. Expected Int, provided String.
2025-05-02 19:54:45 [ERROR]: Task update error: 
Invalid `prisma.task.update()` invocation in
C:\Users\hedayat\task-management-backend\src\controllers\taskController.js:120:43

  117 }
  118 
  119 // Update task
→ 120 const updatedTask = await prisma.task.update({
        where: {
          id: 8
        },
        data: {
          title: "new work b",
          description: "get up to it",
          dueDate: new Date("2024-03-05T00:00:00.000Z"),
          priority: "LOW",
          status: "DONE",
          recurrence: undefined,
          assignedToId: "3"
                        ~~~
        },
        include: {
          createdBy: true,
          assignedTo: true
        }
      })

Argument `assignedToId`: Invalid value provided. Expected Int, NullableIntFieldUpdateOperationsInput or Null, provided String.
2025-05-02 19:56:54 [ERROR]: Notification creation error: 
Invalid `prisma.notification.create()` invocation in
C:\Users\hedayat\task-management-backend\src\controllers\notificationController.js:36:52

  33 
  34 const createNotification = async (userId, message, type = 'IN_APP') => {
  35   try {
→ 36     const notification = await prisma.notification.create({
           data: {
             message: "Task updated: new work b",
             type: "IN_APP",
             userId: "3"
                     ~~~
           }
         })

Argument `userId`: Invalid value provided. Expected Int, provided String.
2025-05-02 20:00:03 [ERROR]: Dashboard error: tasks.filter is not a function
2025-05-04 21:07:09 [INFO]: New client connected: Yzl0h5ge6gux7asiAAAD
2025-05-04 21:08:10 [INFO]: Client disconnected: Yzl0h5ge6gux7asiAAAD
2025-05-04 21:08:10 [INFO]: New client connected: L7FaW5thMetB3BzuAAAF
2025-05-04 21:08:11 [INFO]: Client disconnected: L7FaW5thMetB3BzuAAAF
2025-05-04 21:08:11 [INFO]: New client connected: T0-u0om-kWn0bD8aAAAH
2025-05-04 21:08:17 [INFO]: Client disconnected: T0-u0om-kWn0bD8aAAAH
2025-05-04 21:08:17 [INFO]: New client connected: u8eODdw0VVOP396nAAAK
2025-05-04 21:08:47 [INFO]: Client disconnected: u8eODdw0VVOP396nAAAK
2025-05-04 21:08:48 [INFO]: New client connected: jBclHeULjG9xdQ2RAAAM
2025-05-04 21:12:14 [INFO]: Client disconnected: jBclHeULjG9xdQ2RAAAM
2025-05-04 21:12:15 [INFO]: New client connected: E3JsKqIwTg4xcS7QAAAO
2025-05-04 21:12:25 [INFO]: Client disconnected: E3JsKqIwTg4xcS7QAAAO
2025-05-04 21:12:25 [INFO]: New client connected: hG-eQA-mJPIxrIJrAAAQ
2025-05-04 21:12:25 [INFO]: Client disconnected: hG-eQA-mJPIxrIJrAAAQ
2025-05-04 21:13:11 [INFO]: New client connected: GeTe-KUgEbysSl-LAAAS
2025-05-04 21:13:33 [INFO]: Client disconnected: GeTe-KUgEbysSl-LAAAS
2025-05-04 21:13:33 [INFO]: New client connected: 9tHOrAWroXmdbVAaAAAU
2025-05-04 21:18:31 [INFO]: Client disconnected: 9tHOrAWroXmdbVAaAAAU
2025-05-04 21:18:32 [INFO]: New client connected: 3qi-mkgV0SKxdK6CAAAW
2025-05-04 21:18:36 [INFO]: Client disconnected: 3qi-mkgV0SKxdK6CAAAW
2025-05-04 21:18:36 [INFO]: New client connected: ExwzZCRN_LI-BWAuAAAY
2025-05-04 21:18:50 [INFO]: Client disconnected: ExwzZCRN_LI-BWAuAAAY
2025-05-04 21:18:50 [INFO]: New client connected: PphwtfvbM7ch7EYBAAAa
2025-05-04 21:18:51 [INFO]: Client disconnected: PphwtfvbM7ch7EYBAAAa
2025-05-04 21:22:56 [INFO]: New client connected: Y2Z2wW0I9TUEOU4aAAAc
2025-05-04 21:23:18 [INFO]: Client disconnected: Y2Z2wW0I9TUEOU4aAAAc
2025-05-04 21:23:18 [INFO]: New client connected: 22wERWUA8Y1IDwI_AAAe
2025-05-04 21:23:37 [INFO]: Client disconnected: 22wERWUA8Y1IDwI_AAAe
2025-05-04 21:23:37 [INFO]: New client connected: BKg47gC28uiMZtxkAAAg
2025-05-04 21:23:41 [INFO]: Client disconnected: BKg47gC28uiMZtxkAAAg
2025-05-04 21:23:42 [INFO]: New client connected: gxSEUYjgV1PHTdtbAAAi
2025-05-04 21:24:25 [INFO]: Client disconnected: gxSEUYjgV1PHTdtbAAAi
2025-05-04 21:24:26 [INFO]: New client connected: g6ze0uMgf0bw-L6pAAAk
2025-05-04 21:25:19 [INFO]: Client disconnected: g6ze0uMgf0bw-L6pAAAk
2025-05-04 21:25:20 [INFO]: New client connected: GoV5kicawivkmtlxAAAm
2025-05-04 21:25:22 [INFO]: Client disconnected: GoV5kicawivkmtlxAAAm
2025-05-04 21:25:23 [INFO]: New client connected: Z8dj05GYn6HN4-hiAAAo
2025-05-04 21:25:24 [INFO]: Client disconnected: Z8dj05GYn6HN4-hiAAAo
2025-05-04 21:25:24 [INFO]: New client connected: fJEYar-soKweCyiWAAAq
2025-05-04 21:27:47 [INFO]: Client disconnected: fJEYar-soKweCyiWAAAq
2025-05-04 21:27:47 [INFO]: New client connected: Oe3Dix8jbJKr-SyBAAAs
2025-05-04 21:33:41 [INFO]: Client disconnected: Oe3Dix8jbJKr-SyBAAAs
2025-05-04 21:33:42 [INFO]: New client connected: QgciOYm5WkvL2XW7AAAu
2025-05-04 21:50:28 [INFO]: Client disconnected: QgciOYm5WkvL2XW7AAAu
2025-05-04 21:50:29 [INFO]: New client connected: 0q3WI9YwJOP_wsDGAAAw
2025-05-04 22:02:42 [INFO]: Client disconnected: 0q3WI9YwJOP_wsDGAAAw
2025-05-04 22:02:43 [INFO]: New client connected: oLasE1rmrR18GTfUAAAy
2025-05-04 22:02:43 [INFO]: Client disconnected: oLasE1rmrR18GTfUAAAy
2025-05-04 22:02:43 [INFO]: New client connected: Becg06xmRJxv4jX9AAA0
2025-05-04 22:02:46 [INFO]: Client disconnected: Becg06xmRJxv4jX9AAA0
2025-05-04 22:02:46 [INFO]: New client connected: xRIG0YlMowgSzS42AAA3
2025-05-04 22:02:56 [INFO]: Client disconnected: xRIG0YlMowgSzS42AAA3
2025-05-04 22:02:56 [INFO]: New client connected: p2AamqGCj5B9PUs7AAA5
2025-05-04 22:03:21 [INFO]: Client disconnected: p2AamqGCj5B9PUs7AAA5
2025-05-04 22:03:21 [INFO]: New client connected: xdwkJ5Jsk1yTm8c2AAA7
2025-05-04 22:03:36 [INFO]: Client disconnected: xdwkJ5Jsk1yTm8c2AAA7
2025-05-04 22:03:36 [INFO]: New client connected: Ek_Pc3Ad7its8dQcAAA9
2025-05-04 22:03:49 [INFO]: Client disconnected: Ek_Pc3Ad7its8dQcAAA9
2025-05-04 22:03:49 [INFO]: New client connected: I8BTFPLAOpEZkSc6AAA_
2025-05-04 22:04:58 [INFO]: Client disconnected: I8BTFPLAOpEZkSc6AAA_
2025-05-04 22:04:58 [INFO]: New client connected: ptuJmiG3VBWX-csCAABB
2025-05-04 22:04:59 [INFO]: Client disconnected: ptuJmiG3VBWX-csCAABB
2025-05-04 22:05:05 [INFO]: New client connected: Zk7yaoqStL0S-HRTAABD
2025-05-04 22:05:09 [INFO]: Client disconnected: Zk7yaoqStL0S-HRTAABD
2025-05-04 22:05:09 [INFO]: New client connected: gytSRT1t_j3CfnI8AABF
2025-05-04 22:05:09 [INFO]: Client disconnected: gytSRT1t_j3CfnI8AABF
2025-05-04 22:05:09 [INFO]: New client connected: AzoXhhrKFUadfsSXAABH
2025-05-04 22:05:26 [INFO]: Client disconnected: AzoXhhrKFUadfsSXAABH
2025-05-04 22:05:28 [INFO]: New client connected: 4Le0764YWrSixq2_AABJ
2025-05-04 22:05:28 [INFO]: Client disconnected: 4Le0764YWrSixq2_AABJ
2025-05-04 22:05:28 [INFO]: New client connected: N4tkgzJfU4MBQILoAABL
2025-05-04 22:05:30 [INFO]: Client disconnected: N4tkgzJfU4MBQILoAABL
2025-05-04 22:05:30 [INFO]: New client connected: qJFlqd12frbyyWctAABN
2025-05-04 22:12:22 [INFO]: Client disconnected: qJFlqd12frbyyWctAABN
2025-05-04 22:12:22 [INFO]: New client connected: U3gbnIl2-pQV8gg9AABQ
2025-05-04 22:12:43 [INFO]: Client disconnected: U3gbnIl2-pQV8gg9AABQ
2025-05-04 22:12:43 [INFO]: New client connected: bIL7y97622KWgfjVAABS
2025-05-04 22:13:01 [INFO]: Client disconnected: bIL7y97622KWgfjVAABS
2025-05-04 22:13:02 [INFO]: New client connected: Gv9PE4mfQxFmcDMwAABU
2025-05-04 22:13:16 [INFO]: Client disconnected: Gv9PE4mfQxFmcDMwAABU
2025-05-04 22:13:17 [INFO]: New client connected: 5HTVfDDRzlSSMiBXAABW
2025-05-04 22:21:18 [INFO]: Client disconnected: 5HTVfDDRzlSSMiBXAABW
2025-05-04 22:21:19 [INFO]: New client connected: SoFpPE-_Cp_u0Hl6AABY
2025-05-04 22:21:53 [INFO]: Client disconnected: SoFpPE-_Cp_u0Hl6AABY
2025-05-04 22:21:53 [INFO]: New client connected: azJRtGENOlIfVwSDAABa
2025-05-04 22:21:59 [INFO]: Client disconnected: azJRtGENOlIfVwSDAABa
2025-05-04 22:21:59 [INFO]: New client connected: a9TZhE_SOmmK8_KkAABd
2025-05-04 22:22:09 [INFO]: Client disconnected: a9TZhE_SOmmK8_KkAABd
2025-05-04 22:22:09 [INFO]: New client connected: VwFsp6gITH0Mt0u8AABg
2025-05-04 22:22:17 [INFO]: Client disconnected: VwFsp6gITH0Mt0u8AABg
2025-05-04 22:22:17 [INFO]: New client connected: _fRGF1TS21hqiVewAABj
2025-05-04 22:22:20 [INFO]: Client disconnected: _fRGF1TS21hqiVewAABj
2025-05-04 22:22:20 [INFO]: New client connected: SLVJZML5WalTUIvNAABl
2025-05-04 22:22:28 [INFO]: Client disconnected: SLVJZML5WalTUIvNAABl
2025-05-04 22:22:28 [INFO]: New client connected: r72ePz57Pv_dcv5QAABn
2025-05-04 22:23:03 [INFO]: Client disconnected: r72ePz57Pv_dcv5QAABn
2025-05-04 22:23:03 [INFO]: New client connected: K9BXk1HK6BFiC0cpAABp
2025-05-04 22:23:07 [INFO]: Client disconnected: K9BXk1HK6BFiC0cpAABp
2025-05-04 22:23:07 [INFO]: New client connected: sexJR7m8H8kKbWVuAABr
2025-05-04 22:23:19 [INFO]: Client disconnected: sexJR7m8H8kKbWVuAABr
2025-05-04 22:23:19 [INFO]: New client connected: vvzbtJU596RRKyhLAABt
2025-05-04 22:23:24 [INFO]: Client disconnected: vvzbtJU596RRKyhLAABt
2025-05-04 22:23:24 [INFO]: New client connected: BANSv0HZlsLKQBipAABv
2025-05-04 22:23:25 [INFO]: Client disconnected: BANSv0HZlsLKQBipAABv
2025-05-04 22:23:25 [INFO]: New client connected: z9bwflEZCFSJw49kAABx
2025-05-04 22:23:39 [INFO]: Client disconnected: z9bwflEZCFSJw49kAABx
2025-05-04 22:23:40 [INFO]: New client connected: VLXi90T4n8nKvCwWAABz
2025-05-04 22:24:39 [INFO]: Client disconnected: VLXi90T4n8nKvCwWAABz
2025-05-04 22:24:39 [INFO]: New client connected: ykljHrs283tcfVC5AAB1
2025-05-04 22:25:05 [INFO]: Client disconnected: ykljHrs283tcfVC5AAB1
2025-05-04 22:26:08 [INFO]: New client connected: 2z0pIDXttPKOgHU9AAB3
2025-05-04 22:26:10 [INFO]: Client disconnected: 2z0pIDXttPKOgHU9AAB3
2025-05-04 22:26:11 [INFO]: New client connected: XkDDq6jm66jGwlaCAAB5
2025-05-04 22:27:07 [INFO]: Client disconnected: XkDDq6jm66jGwlaCAAB5
2025-05-04 22:27:07 [INFO]: New client connected: dMiywYm-Lwwso67zAAB7
2025-05-04 22:27:22 [INFO]: Client disconnected: dMiywYm-Lwwso67zAAB7
2025-05-04 22:27:23 [INFO]: New client connected: GISMbpjLd7foYsnGAAB9
2025-05-04 22:31:39 [INFO]: Client disconnected: GISMbpjLd7foYsnGAAB9
2025-05-04 22:31:39 [INFO]: New client connected: D1w9karbe5J4BdaEAACB
2025-05-04 22:31:46 [INFO]: Client disconnected: D1w9karbe5J4BdaEAACB
2025-05-04 22:31:46 [INFO]: New client connected: ePVvicL0gE2HWQK7AACE
2025-05-04 22:32:13 [INFO]: Client disconnected: ePVvicL0gE2HWQK7AACE
2025-05-04 22:32:14 [INFO]: New client connected: Vmg2Y55p2IOJz7VOAACG
2025-05-04 22:32:25 [INFO]: Client disconnected: Vmg2Y55p2IOJz7VOAACG
2025-05-04 22:32:26 [INFO]: New client connected: _lBFCko-Y7SqumG1AACI
2025-05-04 22:32:42 [INFO]: Client disconnected: _lBFCko-Y7SqumG1AACI
2025-05-04 22:32:42 [INFO]: New client connected: ccUDjS-NQre1UNIVAACK
2025-05-04 22:33:55 [INFO]: Client disconnected: ccUDjS-NQre1UNIVAACK
2025-05-04 22:33:55 [INFO]: New client connected: y3X46VARpzRH8u5VAACM
2025-05-04 22:34:04 [INFO]: Client disconnected: y3X46VARpzRH8u5VAACM
2025-05-04 22:34:04 [INFO]: New client connected: u-2ZOibB4n4PwXoZAACO
2025-05-04 22:34:12 [INFO]: Client disconnected: u-2ZOibB4n4PwXoZAACO
2025-05-04 22:34:13 [INFO]: New client connected: bsuQzwW6HPc7WE--AACQ
2025-05-04 22:34:33 [INFO]: Client disconnected: bsuQzwW6HPc7WE--AACQ
2025-05-04 22:34:34 [INFO]: New client connected: qbOjRO4KnVjpMqDiAACS
2025-05-04 22:37:30 [INFO]: Client disconnected: qbOjRO4KnVjpMqDiAACS
2025-05-04 22:37:30 [INFO]: New client connected: zyhrzYB9XFbKJHsmAACU
2025-05-04 22:37:40 [INFO]: Client disconnected: zyhrzYB9XFbKJHsmAACU
2025-05-04 22:37:41 [INFO]: New client connected: z5EdPk-apzoRwYqGAACW
2025-05-04 22:38:00 [INFO]: New client connected: eA55CI22VWAGPyIXAACY
2025-05-04 22:38:29 [INFO]: Client disconnected: eA55CI22VWAGPyIXAACY
2025-05-04 22:38:43 [INFO]: New client connected: Q3HuwuHkiturMA9xAACa
2025-05-04 22:39:54 [INFO]: Client disconnected: z5EdPk-apzoRwYqGAACW
2025-05-04 22:39:54 [INFO]: Client disconnected: Q3HuwuHkiturMA9xAACa
2025-05-04 22:40:24 [INFO]: New client connected: SOk3oG067YTn5dpoAACc
2025-05-04 22:41:12 [INFO]: Client disconnected: SOk3oG067YTn5dpoAACc
2025-05-04 22:41:12 [INFO]: New client connected: Nwz3baPv9DW77VS_AACe
2025-05-04 22:41:23 [INFO]: Client disconnected: Nwz3baPv9DW77VS_AACe
2025-05-04 22:41:23 [INFO]: New client connected: 6w7N-KU7xg6fEnIdAACg
2025-05-04 22:48:19 [INFO]: Client disconnected: 6w7N-KU7xg6fEnIdAACg
2025-05-04 22:48:19 [INFO]: New client connected: MyAoeWmGewI9E8ubAACj
2025-05-04 22:48:20 [INFO]: Client disconnected: MyAoeWmGewI9E8ubAACj
2025-05-04 22:48:20 [INFO]: New client connected: ELgJA147niSoitQ8AACl
2025-05-04 22:49:08 [INFO]: Client disconnected: ELgJA147niSoitQ8AACl
2025-05-04 22:49:08 [INFO]: New client connected: KLh4Otc6bUwvBYYzAACn
2025-05-04 22:49:22 [INFO]: Client disconnected: KLh4Otc6bUwvBYYzAACn
2025-05-04 22:49:22 [INFO]: New client connected: rgW1oaP8TpxcR7R8AACp
2025-05-04 22:49:48 [INFO]: Client disconnected: rgW1oaP8TpxcR7R8AACp
2025-05-04 22:49:48 [INFO]: New client connected: 0rYjQlzolH1d30VtAACr
2025-05-04 22:51:40 [INFO]: Client disconnected: 0rYjQlzolH1d30VtAACr
2025-05-04 22:51:41 [INFO]: New client connected: kL8jkqpkm0gqUX_vAACu
2025-05-04 22:51:59 [INFO]: New client connected: jSeZP3hsqoI8z6SGAACw
2025-05-04 22:53:11 [INFO]: Client disconnected: jSeZP3hsqoI8z6SGAACw
2025-05-04 23:01:08 [INFO]: Client disconnected: kL8jkqpkm0gqUX_vAACu
2025-05-04 23:01:08 [INFO]: New client connected: WyT4ZnsMWyiWoV7EAACy
2025-05-04 23:01:19 [INFO]: New client connected: jwxnRTg0ChbDgMHIAAC0
2025-05-04 23:03:56 [ERROR]: Task fetch error: 
Invalid `prisma.task.findUnique()` invocation in
C:\Users\hedayat\task-management-backend\src\controllers\taskController.js:264:36

  261 try {
  262   const taskId = parseInt(req.params.id);
  263   
→ 264   const task = await prisma.task.findUnique({
          where: {
        +   id: Int
          },
          include: {
            createdBy: true,
            assignedTo: true
          }
        })

Argument `id` is missing.
2025-05-04 23:04:31 [ERROR]: Task fetch error: 
Invalid `prisma.task.findUnique()` invocation in
C:\Users\hedayat\task-management-backend\src\controllers\taskController.js:264:36

  261 try {
  262   const taskId = parseInt(req.params.id);
  263   
→ 264   const task = await prisma.task.findUnique({
          where: {
        +   id: Int
          },
          include: {
            createdBy: true,
            assignedTo: true
          }
        })

Argument `id` is missing.
2025-05-04 23:15:34 [ERROR]: Task fetch error: 
Invalid `prisma.task.findUnique()` invocation in
C:\Users\hedayat\task-management-backend\src\controllers\taskController.js:264:36

  261 try {
  262   const taskId = parseInt(req.params.id);
  263   
→ 264   const task = await prisma.task.findUnique({
          where: {
        +   id: Int
          },
          include: {
            createdBy: true,
            assignedTo: true
          }
        })

Argument `id` is missing.
2025-05-04 23:32:18 [INFO]: Client disconnected: WyT4ZnsMWyiWoV7EAACy
2025-05-04 23:32:18 [INFO]: Client disconnected: jwxnRTg0ChbDgMHIAAC0
2025-05-04 23:32:19 [INFO]: New client connected: e22zKkSmGE8CeZyQAAC2
2025-05-04 23:33:05 [INFO]: New client connected: jilz_DOnDgeht2JmAAC4
2025-05-04 23:37:50 [INFO]: Client disconnected: e22zKkSmGE8CeZyQAAC2
2025-05-04 23:37:50 [INFO]: Client disconnected: jilz_DOnDgeht2JmAAC4
2025-05-04 23:37:51 [INFO]: New client connected: d5jS3c6ELtxdQzn7AAC6
2025-05-04 23:39:14 [INFO]: Client disconnected: d5jS3c6ELtxdQzn7AAC6
2025-05-04 23:39:14 [INFO]: New client connected: IfW8UBE_lEIUV3wtAAC8
2025-05-04 23:39:40 [INFO]: New client connected: OTtK0q88235h6bdkAAC-
2025-05-04 23:41:32 [INFO]: Client disconnected: OTtK0q88235h6bdkAAC-
2025-05-04 23:41:47 [INFO]: New client connected: k_Lts9fBPKNRir3vAADA
2025-05-04 23:47:18 [INFO]: Client disconnected: IfW8UBE_lEIUV3wtAAC8
2025-05-04 23:47:18 [INFO]: Client disconnected: k_Lts9fBPKNRir3vAADA
2025-05-05 03:25:30 [INFO]: New client connected: HGXwZyMISUiGYjg7AAAB
2025-05-05 03:25:39 [INFO]: New client connected: YrdDssLGXHWVZiN9AAAD
2025-05-05 03:26:01 [INFO]: Client disconnected: HGXwZyMISUiGYjg7AAAB
2025-05-05 03:26:01 [INFO]: Client disconnected: YrdDssLGXHWVZiN9AAAD
2025-05-05 03:26:18 [INFO]: New client connected: UJOLKvEcy9An4uC5AAAF
2025-05-05 03:26:18 [INFO]: New client connected: 1gVOYy7rRkikoKiWAAAH
2025-05-05 03:26:42 [INFO]: Client disconnected: UJOLKvEcy9An4uC5AAAF
2025-05-05 03:26:42 [INFO]: Client disconnected: 1gVOYy7rRkikoKiWAAAH
2025-05-05 03:26:43 [INFO]: New client connected: X1UhwCV-cd-BaofVAAAJ
2025-05-05 03:26:44 [INFO]: New client connected: B0H2dTyjMKMfYKiEAAAL
2025-05-05 03:28:00 [INFO]: New client connected: S8F7RNTDT47opCOSAAAB
2025-05-05 03:28:00 [INFO]: New client connected: 3_UNihrdjqMxbXD9AAAD
2025-05-05 03:28:21 [INFO]: New client connected: Q8icKBJD-1nImoQeAAAC
2025-05-05 03:28:21 [INFO]: New client connected: VIFG1SBJxrEMMJRVAAAD
2025-05-05 03:30:30 [INFO]: Client disconnected: Q8icKBJD-1nImoQeAAAC
2025-05-05 03:31:12 [INFO]: New client connected: drGOuLqieT0_-VyPAAAB
2025-05-05 15:18:37 [INFO]: New client connected: LYqmqOr35mCxZdAdAAAB
2025-05-05 15:22:26 [INFO]: Client disconnected: LYqmqOr35mCxZdAdAAAB
2025-05-05 15:22:26 [INFO]: New client connected: m2BHob0tnvfBqO4LAAAD
2025-05-05 15:24:55 [INFO]: Client disconnected: m2BHob0tnvfBqO4LAAAD
2025-05-05 15:27:16 [INFO]: New client connected: D6QJphZRZXR1bgGyAAAF
2025-05-05 15:27:30 [INFO]: Client disconnected: D6QJphZRZXR1bgGyAAAF
2025-05-05 15:27:32 [INFO]: New client connected: Nc35zvYQuvHYg38tAAAH
2025-05-05 15:29:23 [INFO]: Client disconnected: Nc35zvYQuvHYg38tAAAH
2025-05-05 15:29:29 [INFO]: New client connected: GLPnOx7Cpch7pBZVAAAJ
2025-05-05 15:29:31 [INFO]: Client disconnected: GLPnOx7Cpch7pBZVAAAJ
2025-05-05 15:37:53 [INFO]: New client connected: Kr53DnGW2zqf0MM2AAAL
2025-05-05 15:37:56 [INFO]: Client disconnected: Kr53DnGW2zqf0MM2AAAL
2025-05-05 15:38:27 [INFO]: New client connected: Pp_6MhNSkcAWeh1zAAAN
2025-05-05 15:47:43 [INFO]: Client disconnected: Pp_6MhNSkcAWeh1zAAAN
2025-05-05 15:47:49 [INFO]: New client connected: 111N3WVanWaF3najAAAP
2025-05-05 15:52:31 [INFO]: Client disconnected: 111N3WVanWaF3najAAAP
2025-05-05 15:52:31 [INFO]: New client connected: wf8LhV7MF06NZy55AAAR
2025-05-05 16:51:12 [INFO]: Client disconnected: wf8LhV7MF06NZy55AAAR
2025-05-05 16:51:12 [INFO]: New client connected: dSMjhzzXUcGvJVdMAAAT
2025-05-05 17:17:13 [INFO]: Client disconnected: dSMjhzzXUcGvJVdMAAAT
2025-05-05 17:17:13 [INFO]: New client connected: LrMSh_cat1NR7uBOAAAV
2025-05-05 17:21:51 [INFO]: Client disconnected: LrMSh_cat1NR7uBOAAAV
2025-05-05 17:21:54 [INFO]: New client connected: cHcBTCqGQiGyPDMaAAAX
2025-05-05 17:35:26 [INFO]: New client connected: C7wYNjyqyNpmpiY4AAAB
2025-05-05 17:35:34 [ERROR]: Task fetch error: Cannot read properties of undefined (reading 'id')
2025-05-05 17:38:18 [INFO]: New client connected: NBvmEzy6u7tp-M1xAAAB
2025-05-05 17:41:03 [INFO]: New client connected: SF5ZQu4wlrbpgDj3AAAB
2025-05-05 17:41:09 [ERROR]: Task fetch error: Cannot read properties of undefined (reading 'id')
2025-05-05 19:33:24 [INFO]: New client connected: qHFqAhmCZaIPbIDQAAAB
2025-05-05 19:33:57 [ERROR]: Task fetch error: Cannot read properties of undefined (reading 'id')
2025-05-05 19:40:08 [INFO]: New client connected: 0D_9aBVGgauapwg-AAAB
2025-05-05 19:41:16 [INFO]: Client disconnected: 0D_9aBVGgauapwg-AAAB
2025-05-05 19:41:16 [INFO]: New client connected: qy8wOgbKnC0DpUzMAAAD
2025-05-05 19:43:13 [ERROR]: Notification creation error: 
Invalid `prisma.notification.create()` invocation in
C:\Users\hedayat\task-management-backend\src\controllers\notificationController.js:36:52

  33 
  34 const createNotification = async (userId, message, type = 'IN_APP') => {
  35   try {
→ 36     const notification = await prisma.notification.create({
           data: {
             message: "Task updated: Task 7",
             type: "IN_APP",
             userId: "4"
                     ~~~
           }
         })

Argument `userId`: Invalid value provided. Expected Int, provided String.
2025-05-05 19:44:26 [INFO]: Client disconnected: qy8wOgbKnC0DpUzMAAAD
2025-05-05 19:44:30 [INFO]: New client connected: RVI1OPYmVkytzTTDAAAF
2025-05-05 19:57:13 [INFO]: Client disconnected: RVI1OPYmVkytzTTDAAAF
2025-05-05 19:57:14 [INFO]: New client connected: JsTVUV9KJa4uJNJrAAAH
2025-05-05 20:04:42 [INFO]: Client disconnected: JsTVUV9KJa4uJNJrAAAH
2025-05-05 20:04:43 [INFO]: New client connected: mDAuAJ-WVFesWeTpAAAJ
2025-05-05 20:05:04 [INFO]: Client disconnected: mDAuAJ-WVFesWeTpAAAJ
2025-05-05 20:05:05 [INFO]: New client connected: _W3GhRUsbXDpjhXwAAAL
2025-05-05 20:08:37 [INFO]: New client connected: A3ecM6Spsg2St7EZAAAB
2025-05-05 20:09:28 [INFO]: Client disconnected: A3ecM6Spsg2St7EZAAAB
2025-05-05 20:09:29 [INFO]: New client connected: hW0SX29DzoKnD2O_AAAD
2025-05-05 20:11:04 [INFO]: Client disconnected: hW0SX29DzoKnD2O_AAAD
2025-05-05 20:11:05 [INFO]: New client connected: rD4yHQZnKv0zPtWsAAAF
2025-05-05 20:11:48 [INFO]: Client disconnected: rD4yHQZnKv0zPtWsAAAF
2025-05-05 20:11:50 [INFO]: New client connected: toUUOg2Ta7cWxJirAAAH
2025-05-05 20:12:58 [INFO]: Client disconnected: toUUOg2Ta7cWxJirAAAH
2025-05-05 20:12:59 [INFO]: New client connected: VX2igmA4tuJi3sHVAAAJ
2025-05-05 20:13:38 [INFO]: Client disconnected: VX2igmA4tuJi3sHVAAAJ
2025-05-05 20:13:38 [INFO]: New client connected: 87H4wAVYNLl38AuyAAAL
2025-05-05 20:13:39 [INFO]: Client disconnected: 87H4wAVYNLl38AuyAAAL
2025-05-05 20:13:40 [INFO]: New client connected: 1XiSG_PE9dP_IwAeAAAN
2025-05-05 20:14:02 [INFO]: Client disconnected: 1XiSG_PE9dP_IwAeAAAN
2025-05-05 20:14:03 [INFO]: New client connected: LHZOxEbSgDfinudNAAAP
2025-05-05 20:14:11 [INFO]: Client disconnected: LHZOxEbSgDfinudNAAAP
2025-05-05 20:14:33 [INFO]: New client connected: h14sVuJzWveycJToAAAR
2025-05-05 20:14:49 [INFO]: Client disconnected: h14sVuJzWveycJToAAAR
2025-05-05 20:14:50 [INFO]: New client connected: izGskyWOhHqqmwgHAAAT
2025-05-05 20:15:02 [INFO]: Client disconnected: izGskyWOhHqqmwgHAAAT
2025-05-05 20:15:02 [INFO]: New client connected: kiGov4xjnROp7GjHAAAV
2025-05-05 20:18:50 [INFO]: Client disconnected: kiGov4xjnROp7GjHAAAV
2025-05-05 20:18:51 [INFO]: New client connected: cfmyPqwkqUt4GpIiAAAX
2025-05-05 20:19:55 [INFO]: Client disconnected: cfmyPqwkqUt4GpIiAAAX
2025-05-05 20:19:56 [INFO]: New client connected: vKzM4QoD-B5bmrRdAAAZ
2025-05-05 20:20:49 [INFO]: Client disconnected: vKzM4QoD-B5bmrRdAAAZ
2025-05-05 20:20:50 [INFO]: New client connected: T0m6SGmoInh0Nr8hAAAb
2025-05-05 20:20:54 [INFO]: Client disconnected: T0m6SGmoInh0Nr8hAAAb
2025-05-05 20:20:55 [INFO]: New client connected: AgbttQkLIlM7ezlFAAAd
2025-05-05 20:21:00 [INFO]: Client disconnected: AgbttQkLIlM7ezlFAAAd
2025-05-05 20:21:00 [INFO]: New client connected: CFhdP9bV-OrCxoPeAAAf
2025-05-05 20:21:05 [INFO]: Client disconnected: CFhdP9bV-OrCxoPeAAAf
2025-05-05 20:21:05 [INFO]: New client connected: 5wJ9w7fi346hP648AAAh
2025-05-05 20:21:09 [INFO]: Client disconnected: 5wJ9w7fi346hP648AAAh
2025-05-05 20:21:10 [INFO]: New client connected: MQwZFDPGa8gX7CjqAAAj
2025-05-05 20:22:17 [INFO]: Client disconnected: MQwZFDPGa8gX7CjqAAAj
2025-05-05 20:22:18 [INFO]: New client connected: -pcEaGUlDD18EX3YAAAl
2025-05-05 20:22:29 [INFO]: Client disconnected: -pcEaGUlDD18EX3YAAAl
2025-05-05 20:22:29 [INFO]: New client connected: bgsbJoLFU7OLntFQAAAn
2025-05-05 21:11:09 [INFO]: Client disconnected: bgsbJoLFU7OLntFQAAAn
2025-05-05 21:11:09 [INFO]: New client connected: JvQclKqQOzpg_vUeAAAp
2025-05-05 21:11:18 [INFO]: Client disconnected: JvQclKqQOzpg_vUeAAAp
2025-05-05 21:11:19 [INFO]: New client connected: qeXOv1JisbJt2n7PAAAr
2025-05-05 21:16:28 [INFO]: Client disconnected: qeXOv1JisbJt2n7PAAAr
2025-05-05 21:16:28 [INFO]: New client connected: ODkrePyAd7G7VaZ1AAAt
2025-05-05 21:16:47 [ERROR]: Notification creation error: 
Invalid `prisma.notification.create()` invocation in
C:\Users\hedayat\task-management-backend\src\controllers\notificationController.js:36:52

  33 
  34 const createNotification = async (userId, message, type = 'IN_APP') => {
  35   try {
→ 36     const notification = await prisma.notification.create({
           data: {
             message: "Task updated: Kuch kaam",
             type: "IN_APP",
             userId: "4"
                     ~~~
           }
         })

Argument `userId`: Invalid value provided. Expected Int, provided String.
2025-05-05 21:17:36 [INFO]: Client disconnected: ODkrePyAd7G7VaZ1AAAt
2025-05-05 21:17:36 [INFO]: New client connected: rWP-cmBpgVVHLfHEAAAv
2025-05-05 21:17:46 [INFO]: Client disconnected: rWP-cmBpgVVHLfHEAAAv
2025-05-05 21:17:46 [INFO]: New client connected: iqonlnYTotI4yaKUAAAx
2025-05-05 21:19:07 [INFO]: Client disconnected: iqonlnYTotI4yaKUAAAx
2025-05-05 21:20:04 [INFO]: New client connected: PpF958tifAHt9JrZAAAz
2025-05-05 21:20:04 [INFO]: Client disconnected: PpF958tifAHt9JrZAAAz
2025-05-05 21:20:13 [INFO]: New client connected: 2KUMJT-pvoMeok2XAAA1
2025-05-05 21:23:19 [INFO]: Client disconnected: 2KUMJT-pvoMeok2XAAA1
2025-05-05 21:23:30 [INFO]: New client connected: Rl-ZBNVaPzeF0P4dAAA3
2025-05-05 21:23:30 [INFO]: Client disconnected: Rl-ZBNVaPzeF0P4dAAA3
2025-05-05 21:23:37 [INFO]: New client connected: 2uMAJPmiJzZdt2jDAAA5
2025-05-05 21:24:53 [INFO]: Client disconnected: 2uMAJPmiJzZdt2jDAAA5
2025-05-05 21:24:53 [INFO]: New client connected: QyvFDQ_h2kMPbEeDAAA7
2025-05-05 21:25:04 [INFO]: Client disconnected: QyvFDQ_h2kMPbEeDAAA7
2025-05-05 21:25:08 [INFO]: New client connected: sz27CYw1yuU1fWT9AAA9
2025-05-05 21:25:08 [INFO]: Client disconnected: sz27CYw1yuU1fWT9AAA9
2025-05-05 21:25:30 [INFO]: New client connected: Yjrxx2Ddn6DghQvFAAA_
2025-05-05 21:25:37 [INFO]: Client disconnected: Yjrxx2Ddn6DghQvFAAA_
2025-05-05 21:25:37 [INFO]: New client connected: UoDI90MgnPhi6ExFAABB
2025-05-05 21:26:05 [INFO]: Client disconnected: UoDI90MgnPhi6ExFAABB
2025-05-05 21:26:05 [INFO]: New client connected: rDl1Jb90zLwRHrOjAABD
2025-05-05 21:38:02 [INFO]: Client disconnected: rDl1Jb90zLwRHrOjAABD
2025-05-05 21:57:36 [INFO]: New client connected: suj8Uo6PA89utV0zAABF
2025-05-05 21:59:15 [INFO]: New client connected: nQZmKWEahr1dtTd4AAAB
2025-05-05 22:00:27 [INFO]: Client disconnected: nQZmKWEahr1dtTd4AAAB
2025-05-05 22:00:36 [INFO]: New client connected: D0PntEX4oD8xkOC_AAAD
2025-05-05 22:00:36 [INFO]: Client disconnected: D0PntEX4oD8xkOC_AAAD
2025-05-05 22:01:14 [INFO]: New client connected: u1VIAU7uvTiH3bRuAAAF
2025-05-05 22:01:14 [INFO]: Client disconnected: u1VIAU7uvTiH3bRuAAAF
2025-05-05 22:02:19 [INFO]: New client connected: _AGWIG9CqbsQoHcjAAAH
2025-05-05 22:02:20 [INFO]: Client disconnected: _AGWIG9CqbsQoHcjAAAH
2025-05-05 22:06:31 [INFO]: New client connected: jSsbPvbfof3Q_ppgAAAJ
2025-05-05 22:06:40 [INFO]: Client disconnected: jSsbPvbfof3Q_ppgAAAJ
2025-05-05 22:06:40 [INFO]: New client connected: RCpNHq2jZctmq0Q7AAAL
2025-05-05 22:06:40 [INFO]: Client disconnected: RCpNHq2jZctmq0Q7AAAL
2025-05-05 22:08:07 [INFO]: New client connected: NnWNys9ZaiBqQbRtAAAN
2025-05-05 22:14:00 [INFO]: Client disconnected: NnWNys9ZaiBqQbRtAAAN
2025-05-05 22:14:00 [INFO]: New client connected: 56BCv9DpB-MXTlI6AAAQ
2025-05-05 22:15:10 [INFO]: Client disconnected: 56BCv9DpB-MXTlI6AAAQ
2025-05-05 22:15:11 [INFO]: New client connected: FKqk4M-9cA_TDI_TAAAS
2025-05-05 22:15:11 [INFO]: Client disconnected: FKqk4M-9cA_TDI_TAAAS
2025-05-05 22:15:12 [INFO]: New client connected: ByXNbl_qhQ4SkKmlAAAU
2025-05-05 22:15:34 [INFO]: Client disconnected: ByXNbl_qhQ4SkKmlAAAU
2025-05-05 22:15:34 [INFO]: New client connected: qwNhFuz0gyO0kFKHAAAW
2025-05-05 22:15:36 [INFO]: Client disconnected: qwNhFuz0gyO0kFKHAAAW
2025-05-05 22:15:36 [INFO]: New client connected: v9jSAAO3kb5z3zo1AAAZ
2025-05-05 22:15:39 [INFO]: Client disconnected: v9jSAAO3kb5z3zo1AAAZ
2025-05-05 22:15:39 [INFO]: New client connected: HTLZa4u6VkaVeOyTAAAb
2025-05-05 22:15:41 [INFO]: Client disconnected: HTLZa4u6VkaVeOyTAAAb
2025-05-05 22:15:41 [INFO]: New client connected: i2wvm1iABf7fN2ZSAAAe
2025-05-05 22:15:44 [INFO]: Client disconnected: i2wvm1iABf7fN2ZSAAAe
2025-05-05 22:15:44 [INFO]: New client connected: alkz0jadKP95XaMKAAAg
2025-05-05 22:16:05 [INFO]: Client disconnected: alkz0jadKP95XaMKAAAg
2025-05-05 22:16:06 [INFO]: New client connected: 5g9t_-wSX6ch29DyAAAi
2025-05-05 22:16:06 [INFO]: Client disconnected: 5g9t_-wSX6ch29DyAAAi
2025-05-05 22:16:07 [INFO]: New client connected: xdqq4WDYJMNcZ-VKAAAk
2025-05-05 22:17:00 [INFO]: Client disconnected: xdqq4WDYJMNcZ-VKAAAk
2025-05-05 22:17:00 [INFO]: New client connected: r1HIbBTtw9D7I6-WAAAm
2025-05-05 22:17:35 [INFO]: New client connected: m8KrANQzGlrVBywGAAAB
2025-05-05 22:17:59 [INFO]: Client disconnected: m8KrANQzGlrVBywGAAAB
2025-05-05 22:18:00 [INFO]: New client connected: HgHL_kHvhMCjbb8YAAAD
2025-05-05 22:22:41 [INFO]: Client disconnected: HgHL_kHvhMCjbb8YAAAD
2025-05-05 22:24:41 [INFO]: New client connected: Ap3gvMHAmWn0SBFxAAAF
2025-05-06 01:25:00 [INFO]: Client disconnected: Ap3gvMHAmWn0SBFxAAAF
2025-05-06 15:18:50 [INFO]: New client connected: 9a8dHdx2YsKUuyhYAAAH
2025-05-06 15:24:39 [WARN]: Unauthorized access attempt by user 6
2025-05-06 15:28:32 [INFO]: Client disconnected: 9a8dHdx2YsKUuyhYAAAH
2025-05-06 15:28:32 [INFO]: New client connected: FuqfL2_C2MD8DkZmAAAJ
2025-05-06 15:28:42 [INFO]: Client disconnected: FuqfL2_C2MD8DkZmAAAJ
2025-05-06 15:28:42 [INFO]: New client connected: 1S0v8MaMVGuhsgEzAAAL
2025-05-06 15:29:00 [INFO]: Client disconnected: 1S0v8MaMVGuhsgEzAAAL
2025-05-06 15:29:00 [INFO]: New client connected: Pre8aq_I0OXTUsFIAAAN
2025-05-06 15:29:21 [INFO]: Client disconnected: Pre8aq_I0OXTUsFIAAAN
2025-05-06 15:29:22 [INFO]: New client connected: zt6k0ZHXVIXI0NOpAAAP
2025-05-06 15:29:27 [INFO]: Client disconnected: zt6k0ZHXVIXI0NOpAAAP
2025-05-06 15:29:27 [INFO]: New client connected: XkNW4x2Xk2ZZeSFCAAAR
2025-05-06 15:29:36 [INFO]: Client disconnected: XkNW4x2Xk2ZZeSFCAAAR
2025-05-06 15:29:37 [INFO]: New client connected: s1APc3dFyeYUVm2kAAAT
2025-05-06 15:29:40 [INFO]: Client disconnected: s1APc3dFyeYUVm2kAAAT
2025-05-06 15:29:41 [INFO]: New client connected: nGnQJDeIdeSE-4dnAAAV
2025-05-06 15:29:46 [INFO]: Client disconnected: nGnQJDeIdeSE-4dnAAAV
2025-05-06 15:29:46 [INFO]: New client connected: jw_aanB3o7fA-xnPAAAX
2025-05-06 15:29:57 [INFO]: Client disconnected: jw_aanB3o7fA-xnPAAAX
2025-05-06 15:29:57 [INFO]: New client connected: urpHPcnvubzDz6Y-AAAZ
2025-05-06 15:30:24 [INFO]: Client disconnected: urpHPcnvubzDz6Y-AAAZ
2025-05-06 15:30:24 [INFO]: New client connected: RyqavsSWZA8YMjKqAAAb
2025-05-06 15:30:41 [INFO]: Client disconnected: RyqavsSWZA8YMjKqAAAb
2025-05-06 15:30:41 [INFO]: New client connected: XDywVE_BEAlAP6YaAAAd
2025-05-06 15:37:23 [INFO]: Client disconnected: XDywVE_BEAlAP6YaAAAd
2025-05-06 15:37:24 [INFO]: New client connected: IAU-0a6eBekJabiJAAAf
2025-05-06 15:37:29 [INFO]: Client disconnected: IAU-0a6eBekJabiJAAAf
2025-05-06 15:38:31 [INFO]: New client connected: uggd823HmB6-Z80BAAAh
2025-05-06 15:38:40 [INFO]: Client disconnected: uggd823HmB6-Z80BAAAh
2025-05-06 15:38:40 [INFO]: New client connected: AA-SfgTySezaAyKeAAAj
2025-05-06 15:39:02 [INFO]: Client disconnected: AA-SfgTySezaAyKeAAAj
2025-05-06 15:39:02 [INFO]: New client connected: ziFBVT4nBK7Vy2ILAAAl
2025-05-06 15:39:08 [INFO]: Client disconnected: ziFBVT4nBK7Vy2ILAAAl
2025-05-06 15:39:08 [INFO]: New client connected: Xsl1vCKlrVHfNhnlAAAn
2025-05-06 15:41:06 [INFO]: Client disconnected: Xsl1vCKlrVHfNhnlAAAn
2025-05-06 15:41:06 [INFO]: New client connected: BFww--E-LPw0R2s9AAAp
2025-05-06 15:41:17 [INFO]: Client disconnected: BFww--E-LPw0R2s9AAAp
2025-05-06 15:41:17 [INFO]: New client connected: Ct9CtfqE1qDdkKdEAAAr
2025-05-06 15:47:25 [INFO]: Client disconnected: Ct9CtfqE1qDdkKdEAAAr
2025-05-06 15:47:25 [INFO]: New client connected: GmE3uHROhqDLAipaAAAt
2025-05-06 15:50:54 [INFO]: Client disconnected: GmE3uHROhqDLAipaAAAt
2025-05-06 15:50:55 [INFO]: New client connected: DW6HAntbfxo8cTpiAAAv
2025-05-06 15:55:14 [WARN]: Unauthorized access attempt by user 6
2025-05-06 15:55:42 [WARN]: Unauthorized access attempt by user 6
2025-05-06 15:55:48 [WARN]: Unauthorized access attempt by user 6
2025-05-06 15:57:53 [INFO]: Client disconnected: DW6HAntbfxo8cTpiAAAv
2025-05-06 15:57:53 [INFO]: New client connected: ouEZG2WBM-TRotk5AAAx
2025-05-06 15:58:26 [INFO]: Client disconnected: ouEZG2WBM-TRotk5AAAx
2025-05-06 15:58:26 [INFO]: New client connected: Ifvz3i8O3-Z6FxfFAAAz
2025-05-06 16:10:52 [INFO]: Client disconnected: Ifvz3i8O3-Z6FxfFAAAz
2025-05-06 16:10:52 [INFO]: New client connected: zVhlKEqtcEfCundZAAA1
2025-05-06 16:11:12 [ERROR]: Task update error: 
Invalid `prisma.task.update()` invocation in
C:\Users\hedayat\task-management-backend\src\controllers\taskController.js:127:43

  124 }
  125 
  126 // Update task
→ 127 const updatedTask = await prisma.task.update({
        where: {
          id: 10
        },
        data: {
          title: "other work",
          description: "laazmi",
          dueDate: new Date("2025-05-23T00:00:00.000Z"),
          priority: "HIGH",
          status: "PENDING",
                  ~~~~~~~~~
          recurrence: "NONE",
          assignedToId: 6
        },
        include: {
          createdBy: true,
          assignedTo: true
        }
      })

Invalid value for argument `status`. Expected Status.
2025-05-06 16:11:43 [INFO]: Client disconnected: zVhlKEqtcEfCundZAAA1
2025-05-06 16:11:43 [INFO]: New client connected: -9EcXgiLtgAwmSL4AAA3
2025-05-06 16:12:04 [ERROR]: Task update error: 
Invalid `prisma.task.update()` invocation in
C:\Users\hedayat\task-management-backend\src\controllers\taskController.js:127:43

  124 }
  125 
  126 // Update task
→ 127 const updatedTask = await prisma.task.update({
        where: {
          id: 15
        },
        data: {
          title: "task 6",
          description: "high priority",
          dueDate: new Date("2025-05-16T00:00:00.000Z"),
          priority: "HIGH",
          status: "PENDING",
                  ~~~~~~~~~
          recurrence: "NONE",
          assignedToId: 2
        },
        include: {
          createdBy: true,
          assignedTo: true
        }
      })

Invalid value for argument `status`. Expected Status.
2025-05-06 16:19:49 [INFO]: Client disconnected: -9EcXgiLtgAwmSL4AAA3
2025-05-06 16:19:49 [INFO]: New client connected: e8VLMl1OzjhxJkbfAAA5
2025-05-06 16:20:38 [ERROR]: Notification creation error: 
Invalid `prisma.notification.create()` invocation in
C:\Users\hedayat\task-management-backend\src\controllers\notificationController.js:36:52

  33 
  34 const createNotification = async (userId, message, type = 'IN_APP') => {
  35   try {
→ 36     const notification = await prisma.notification.create({
           data: {
             message: "Task updated: TASK 10",
             type: "IN_APP",
             userId: "4"
                     ~~~
           }
         })

Argument `userId`: Invalid value provided. Expected Int, provided String.
2025-05-06 16:21:00 [ERROR]: Task update error: 
Invalid `prisma.task.update()` invocation in
C:\Users\hedayat\task-management-backend\src\controllers\taskController.js:127:43

  124 }
  125 
  126 // Update task
→ 127 const updatedTask = await prisma.task.update({
        where: {
          id: 17
        },
        data: {
          title: "TASK 10",
          description: "Ten on Ten",
          dueDate: new Date("2025-05-03T00:00:00.000Z"),
          priority: "LOW",
          status: "PENDING",
                  ~~~~~~~~~
          recurrence: "NONE",
          assignedToId: 4
        },
        include: {
          createdBy: true,
          assignedTo: true
        }
      })

Invalid value for argument `status`. Expected Status.
2025-05-06 16:22:58 [INFO]: Client disconnected: e8VLMl1OzjhxJkbfAAA5
2025-05-06 16:22:58 [INFO]: New client connected: MKN5zBqqfdDKrRArAAA7
2025-05-06 16:24:51 [INFO]: Client disconnected: MKN5zBqqfdDKrRArAAA7
2025-05-06 16:24:51 [INFO]: New client connected: w3fIAyz_Gn84NNTHAAA9
2025-05-06 16:38:45 [INFO]: Client disconnected: w3fIAyz_Gn84NNTHAAA9
2025-05-06 16:38:45 [INFO]: New client connected: RR7aVNOWmo3PRwfDAAA_
2025-05-06 16:38:59 [WARN]: Unauthorized access attempt by user 6
2025-05-06 17:07:42 [INFO]: Client disconnected: RR7aVNOWmo3PRwfDAAA_
2025-05-06 17:08:00 [INFO]: New client connected: mWdQFnoxd_Gg22tVAABB
2025-05-06 17:08:00 [INFO]: Client disconnected: mWdQFnoxd_Gg22tVAABB
2025-05-06 17:08:03 [INFO]: New client connected: RTzJhHasb7RXqCx_AABD
2025-05-06 17:09:15 [INFO]: Client disconnected: RTzJhHasb7RXqCx_AABD
2025-05-06 17:09:21 [INFO]: New client connected: AqHGGx_lYzZIE0TsAABF
2025-05-06 17:09:49 [INFO]: Client disconnected: AqHGGx_lYzZIE0TsAABF
2025-05-06 17:09:49 [INFO]: New client connected: HOYj1JB2SvN4f3kDAABH
2025-05-06 17:09:52 [INFO]: Client disconnected: HOYj1JB2SvN4f3kDAABH
2025-05-06 17:09:54 [INFO]: New client connected: XIz0SNCmZbxWi1rOAABJ
2025-05-06 17:09:59 [INFO]: Client disconnected: XIz0SNCmZbxWi1rOAABJ
2025-05-06 17:10:01 [INFO]: New client connected: ypSmgF2wS7iQLWxuAABL
2025-05-06 17:10:07 [INFO]: Client disconnected: ypSmgF2wS7iQLWxuAABL
2025-05-06 17:10:09 [INFO]: New client connected: 4RHca3aqlk5mL8IQAABN
2025-05-06 17:10:25 [INFO]: Client disconnected: 4RHca3aqlk5mL8IQAABN
2025-05-06 17:10:25 [INFO]: New client connected: UnRdJM6TkEvlTGf0AABP
2025-05-06 17:11:12 [INFO]: Client disconnected: UnRdJM6TkEvlTGf0AABP
2025-05-06 19:10:44 [INFO]: New client connected: DmcQ0WI3BU6blETXAAAB
2025-05-06 19:10:49 [INFO]: Client disconnected: DmcQ0WI3BU6blETXAAAB
2025-05-06 19:10:49 [INFO]: New client connected: Z3VUTA6GR0_ZoEkJAAAD
2025-05-06 19:11:34 [INFO]: Client disconnected: Z3VUTA6GR0_ZoEkJAAAD
2025-05-06 19:11:38 [INFO]: New client connected: oTsNV3XRq_QQedDcAAAF
2025-05-06 19:11:46 [INFO]: Client disconnected: oTsNV3XRq_QQedDcAAAF
