2025-05-01 17:47:45 [ERROR]: uncaughtException: @prisma/client did not initialize yet. Please run "prisma generate" and try to import it again.
Error: @prisma/client did not initialize yet. Please run "prisma generate" and try to import it again.
    at new PrismaClient (C:\Users\hedayat\task-management-backend\node_modules\.prisma\client\default.js:43:11)
    at Object.<anonymous> (C:\Users\hedayat\task-management-backend\src\config\db.js:4:16)
    at Module._compile (node:internal/modules/cjs/loader:1739:14)
    at Object..js (node:internal/modules/cjs/loader:1904:10)
    at Module.load (node:internal/modules/cjs/loader:1473:32)
    at Function._load (node:internal/modules/cjs/loader:1285:12)
    at TracingChannel.traceSync (node:diagnostics_channel:322:14)
    at wrapModuleLoad (node:internal/modules/cjs/loader:234:24)
    at Module.require (node:internal/modules/cjs/loader:1495:12)
    at require (node:internal/modules/helpers:135:16)
2025-05-01 17:48:11 [ERROR]: uncaughtException: @prisma/client did not initialize yet. Please run "prisma generate" and try to import it again.
Error: @prisma/client did not initialize yet. Please run "prisma generate" and try to import it again.
    at new PrismaClient (C:\Users\hedayat\task-management-backend\node_modules\.prisma\client\default.js:43:11)
    at Object.<anonymous> (C:\Users\hedayat\task-management-backend\src\config\db.js:4:16)
    at Module._compile (node:internal/modules/cjs/loader:1739:14)
    at Object..js (node:internal/modules/cjs/loader:1904:10)
    at Module.load (node:internal/modules/cjs/loader:1473:32)
    at Function._load (node:internal/modules/cjs/loader:1285:12)
    at TracingChannel.traceSync (node:diagnostics_channel:322:14)
    at wrapModuleLoad (node:internal/modules/cjs/loader:234:24)
    at Module.require (node:internal/modules/cjs/loader:1495:12)
    at require (node:internal/modules/helpers:135:16)
2025-05-01 17:48:57 [ERROR]: uncaughtException: @prisma/client did not initialize yet. Please run "prisma generate" and try to import it again.
Error: @prisma/client did not initialize yet. Please run "prisma generate" and try to import it again.
    at new PrismaClient (C:\Users\hedayat\task-management-backend\node_modules\.prisma\client\default.js:43:11)
    at Object.<anonymous> (C:\Users\hedayat\task-management-backend\src\config\db.js:4:16)
    at Module._compile (node:internal/modules/cjs/loader:1739:14)
    at Object..js (node:internal/modules/cjs/loader:1904:10)
    at Module.load (node:internal/modules/cjs/loader:1473:32)
    at Function._load (node:internal/modules/cjs/loader:1285:12)
    at TracingChannel.traceSync (node:diagnostics_channel:322:14)
    at wrapModuleLoad (node:internal/modules/cjs/loader:234:24)
    at Module.require (node:internal/modules/cjs/loader:1495:12)
    at require (node:internal/modules/helpers:135:16)
2025-05-01 17:52:05 [ERROR]: uncaughtException: @prisma/client did not initialize yet. Please run "prisma generate" and try to import it again.
Error: @prisma/client did not initialize yet. Please run "prisma generate" and try to import it again.
    at new PrismaClient (C:\Users\hedayat\task-management-backend\node_modules\.prisma\client\default.js:43:11)
    at Object.<anonymous> (C:\Users\hedayat\task-management-backend\src\config\db.js:4:16)
    at Module._compile (node:internal/modules/cjs/loader:1739:14)
    at Object..js (node:internal/modules/cjs/loader:1904:10)
    at Module.load (node:internal/modules/cjs/loader:1473:32)
    at Function._load (node:internal/modules/cjs/loader:1285:12)
    at TracingChannel.traceSync (node:diagnostics_channel:322:14)
    at wrapModuleLoad (node:internal/modules/cjs/loader:234:24)
    at Module.require (node:internal/modules/cjs/loader:1495:12)
    at require (node:internal/modules/helpers:135:16)
2025-05-01 19:45:35 [ERROR]: uncaughtException: @prisma/client did not initialize yet. Please run "prisma generate" and try to import it again.
Error: @prisma/client did not initialize yet. Please run "prisma generate" and try to import it again.
    at new PrismaClient (C:\Users\hedayat\task-management-backend\node_modules\.prisma\client\default.js:43:11)
    at Object.<anonymous> (C:\Users\hedayat\task-management-backend\src\config\db.js:4:16)
    at Module._compile (node:internal/modules/cjs/loader:1739:14)
    at Object..js (node:internal/modules/cjs/loader:1904:10)
    at Module.load (node:internal/modules/cjs/loader:1473:32)
    at Function._load (node:internal/modules/cjs/loader:1285:12)
    at TracingChannel.traceSync (node:diagnostics_channel:322:14)
    at wrapModuleLoad (node:internal/modules/cjs/loader:234:24)
    at Module.require (node:internal/modules/cjs/loader:1495:12)
    at require (node:internal/modules/helpers:135:16)
2025-05-01 19:48:52 [ERROR]: uncaughtException: @prisma/client did not initialize yet. Please run "prisma generate" and try to import it again.
Error: @prisma/client did not initialize yet. Please run "prisma generate" and try to import it again.
    at new PrismaClient (C:\Users\hedayat\task-management-backend\node_modules\.prisma\client\default.js:43:11)
    at Object.<anonymous> (C:\Users\hedayat\task-management-backend\src\config\db.js:4:16)
    at Module._compile (node:internal/modules/cjs/loader:1739:14)
    at Object..js (node:internal/modules/cjs/loader:1904:10)
    at Module.load (node:internal/modules/cjs/loader:1473:32)
    at Function._load (node:internal/modules/cjs/loader:1285:12)
    at TracingChannel.traceSync (node:diagnostics_channel:322:14)
    at wrapModuleLoad (node:internal/modules/cjs/loader:234:24)
    at Module.require (node:internal/modules/cjs/loader:1495:12)
    at require (node:internal/modules/helpers:135:16)
2025-05-01 19:55:28 [ERROR]: uncaughtException: @prisma/client did not initialize yet. Please run "prisma generate" and try to import it again.
Error: @prisma/client did not initialize yet. Please run "prisma generate" and try to import it again.
    at new PrismaClient (C:\Users\hedayat\task-management-backend\node_modules\.prisma\client\default.js:43:11)
    at Object.<anonymous> (C:\Users\hedayat\task-management-backend\src\config\db.js:4:16)
    at Module._compile (node:internal/modules/cjs/loader:1739:14)
    at Object..js (node:internal/modules/cjs/loader:1904:10)
    at Module.load (node:internal/modules/cjs/loader:1473:32)
    at Function._load (node:internal/modules/cjs/loader:1285:12)
    at TracingChannel.traceSync (node:diagnostics_channel:322:14)
    at wrapModuleLoad (node:internal/modules/cjs/loader:234:24)
    at Module.require (node:internal/modules/cjs/loader:1495:12)
    at require (node:internal/modules/helpers:135:16)
2025-05-01 20:01:16 [ERROR]: uncaughtException: @prisma/client did not initialize yet. Please run "prisma generate" and try to import it again.
Error: @prisma/client did not initialize yet. Please run "prisma generate" and try to import it again.
    at new PrismaClient (C:\Users\hedayat\task-management-backend\node_modules\.prisma\client\default.js:43:11)
    at Object.<anonymous> (C:\Users\hedayat\task-management-backend\src\config\db.js:4:16)
    at Module._compile (node:internal/modules/cjs/loader:1739:14)
    at Object..js (node:internal/modules/cjs/loader:1904:10)
    at Module.load (node:internal/modules/cjs/loader:1473:32)
    at Function._load (node:internal/modules/cjs/loader:1285:12)
    at TracingChannel.traceSync (node:diagnostics_channel:322:14)
    at wrapModuleLoad (node:internal/modules/cjs/loader:234:24)
    at Module.require (node:internal/modules/cjs/loader:1495:12)
    at require (node:internal/modules/helpers:135:16)
